*************************************************
Performing GCI analysis on Hot_Duct
*************************************************
Apparent order is 5.977274952297179
phi21ext is 211799.71997685437
phi32ext is 211803.4256231388
error21_a is 1.7516548180478478e-05
error21_ext is 1.0928076807891739e-10
error32_a is 2.3606794289149283e-07
error32_ext is 2.066473271904518e-08
GCI_21_Fine is 1.36600877278238e-10
GCI_32_Fine is 2.5830915270871747e-08
*************************************************
Performing GCI analysis on Lower_Plenum
*************************************************
Apparent order is 31.45271611787772
phi21ext is 211800.7847466345
phi32ext is 211806.0789149532
error21_a is 2.2237812297811667e-05
error21_ext is 2.9520823836392895e-06
error32_a is 2.83277933601124e-07
error32_ext is 1.9397482363970698e-07
GCI_21_Fine is 3.690092086213718e-06
GCI_32_Fine is 2.4246848255313223e-07
*************************************************
Performing GCI analysis on Tee
*************************************************
Apparent order is 1.7131666635225462
phi21ext is 211803.41899147074
phi32ext is 211798.72486629122
error21_a is 1.808288211106834e-05
error21_ext is 4.244461562658847e-06
error32_a is 2.36073225893694e-07
error32_ext is 1.6461992977872314e-07
GCI_21_Fine is 5.305599472593152e-06
GCI_32_Fine is 2.0577494613335654e-07
